<?xml version="1.0" encoding="UTF-8"?>
<!-- Generated by org.testng.reporters.JUnitXMLReporter -->
<testsuite ignored="0" hostname="Sharad" failures="0" tests="4" name="Default test" time="0.596" errors="0" timestamp="2021-05-18T11:05:33 IST">
  <testcase classname="Calculator.Application.AdditionTestCase" name="TestAdditionNegativeNumbers" time="0.063"/>
  <testcase classname="Calculator.Application.AdditionTestCase" name="TestAdditionWithOnePositiveOneNegative" time="0.031"/>
  <testcase classname="Calculator.Application.AdditionTestCase" name="AdditionWithZeroNumbers" time="0.015"/>
  <testcase classname="Calculator.Application.AdditionTestCase" name="TestAdditionWithPositiveNumbers" time="0.031"/>
</testsuite> <!-- Default test -->
