<?xml version="1.0" encoding="UTF-8"?>
<testng-results ignored="0" total="4" passed="4" failed="0" skipped="0">
  <reporter-output>
  </reporter-output>
  <suite started-at="2021-05-18T11:05:32 IST" name="Default suite" finished-at="2021-05-18T11:05:33 IST" duration-ms="596">
    <groups>
      <group name="RegressionTesting">
        <method signature="AdditionTestCase.TestAdditionWithPositiveNumbers()[pri:2, instance:Calculator.Application.AdditionTestCase@7c0c77c7]" name="TestAdditionWithPositiveNumbers" class="Calculator.Application.AdditionTestCase"/>
      </group> <!-- RegressionTesting -->
    </groups>
    <test started-at="2021-05-18T11:05:32 IST" name="Default test" finished-at="2021-05-18T11:05:33 IST" duration-ms="596">
      <class name="Calculator.Application.AdditionTestCase">
        <test-method is-config="true" signature="Init()[pri:0, instance:Calculator.Application.AdditionTestCase@7c0c77c7]" started-at="2021-05-18T11:05:32 IST" name="Init" finished-at="2021-05-18T11:05:32 IST" duration-ms="64" status="PASS">
          <reporter-output>
          </reporter-output>
        </test-method> <!-- Init -->
        <test-method signature="TestAdditionNegativeNumbers()[pri:0, instance:Calculator.Application.AdditionTestCase@7c0c77c7]" started-at="2021-05-18T11:05:32 IST" name="TestAdditionNegativeNumbers" finished-at="2021-05-18T11:05:32 IST" duration-ms="63" status="PASS">
          <reporter-output>
          </reporter-output>
        </test-method> <!-- TestAdditionNegativeNumbers -->
        <test-method signature="TestAdditionWithOnePositiveOneNegative()[pri:0, instance:Calculator.Application.AdditionTestCase@7c0c77c7]" started-at="2021-05-18T11:05:32 IST" name="TestAdditionWithOnePositiveOneNegative" finished-at="2021-05-18T11:05:32 IST" duration-ms="31" status="PASS">
          <reporter-output>
          </reporter-output>
        </test-method> <!-- TestAdditionWithOnePositiveOneNegative -->
        <test-method signature="AdditionWithZeroNumbers()[pri:1, instance:Calculator.Application.AdditionTestCase@7c0c77c7]" started-at="2021-05-18T11:05:33 IST" name="AdditionWithZeroNumbers" finished-at="2021-05-18T11:05:33 IST" duration-ms="15" status="PASS">
          <reporter-output>
          </reporter-output>
        </test-method> <!-- AdditionWithZeroNumbers -->
        <test-method signature="TestAdditionWithPositiveNumbers()[pri:2, instance:Calculator.Application.AdditionTestCase@7c0c77c7]" started-at="2021-05-18T11:05:33 IST" name="TestAdditionWithPositiveNumbers" finished-at="2021-05-18T11:05:33 IST" duration-ms="31" status="PASS">
          <reporter-output>
          </reporter-output>
        </test-method> <!-- TestAdditionWithPositiveNumbers -->
      </class> <!-- Calculator.Application.AdditionTestCase -->
    </test> <!-- Default test -->
  </suite> <!-- Default suite -->
</testng-results>
