<?xml version="1.0" encoding="UTF-8"?>
<testng-results ignored="0" total="1" passed="1" failed="0" skipped="0">
  <reporter-output>
  </reporter-output>
  <suite started-at="2021-05-18T12:23:38 IST" name="Default suite" finished-at="2021-05-18T12:23:38 IST" duration-ms="369">
    <groups>
      <group name="RegressionTesting">
        <method signature="AdditionTestCase.TestAdditionWithPositiveNumbers()[pri:2, instance:Calculator.Application.AdditionTestCase@3967e60c]" name="TestAdditionWithPositiveNumbers" class="Calculator.Application.AdditionTestCase"/>
      </group> <!-- RegressionTesting -->
    </groups>
    <test started-at="2021-05-18T12:23:38 IST" name="Default test" finished-at="2021-05-18T12:23:38 IST" duration-ms="369">
      <class name="Calculator.Application.AdditionTestCase">
        <test-method is-config="true" signature="Init()[pri:0, instance:Calculator.Application.AdditionTestCase@3967e60c]" started-at="2021-05-18T12:23:38 IST" name="Init" finished-at="2021-05-18T12:23:38 IST" duration-ms="59" status="PASS">
          <reporter-output>
          </reporter-output>
        </test-method> <!-- Init -->
        <test-method signature="TestAdditionWithPositiveNumbers()[pri:2, instance:Calculator.Application.AdditionTestCase@3967e60c]" started-at="2021-05-18T12:23:38 IST" name="TestAdditionWithPositiveNumbers" finished-at="2021-05-18T12:23:38 IST" duration-ms="68" status="PASS">
          <reporter-output>
          </reporter-output>
        </test-method> <!-- TestAdditionWithPositiveNumbers -->
      </class> <!-- Calculator.Application.AdditionTestCase -->
    </test> <!-- Default test -->
  </suite> <!-- Default suite -->
</testng-results>
